-------------------------------------------------------------------------------
Test set: hu.bme.mit.spaceship.GT4500Test
-------------------------------------------------------------------------------
Tests run: 13, Failures: 1, Errors: 0, Skipped: 1, Time elapsed: 0.121 s <<< FAILURE! - in hu.bme.mit.spaceship.GT4500Test
runCommandsFromFile_Success{File, File}[4]  Time elapsed: 0.003 s  <<< FAILURE!
org.opentest4j.AssertionFailedError: expected: <SUCCESS FAIL> but was: <SUCCESS UNKNOWN COMMAND>
	at hu.bme.mit.spaceship.GT4500Test.runCommandsFromFile_Success(GT4500Test.java:89)

